Build started 24-Dec-19 11:24:51 PM.
     1>Project "G:\first year\first semester\programming techniqes\Team 14\Phase_2_Final_Version\PT-Project.vcxproj" on node 2 (Build target(s)).
     1>ClCompile:
         C:\Program Files (x86)\Microsoft Visual Studio 12.0\VC\bin\CL.exe /c /ZI /nologo /W3 /WX- /Od /Oy- /D WIN32 /D _DEBUG /D _CONSOLE /D _VC80_UPGRADE=0x0600 /D _MBCS /Gm /EHsc /RTC1 /MTd /GS /fp:precise /Zc:wchar_t /Zc:forScope /Fo".\Debug/" /Fd".\Debug/vc120.pdb" /FR".\Debug\\" /Gd /TP /analyze- /errorReport:prompt Ladder.cpp
         Ladder.cpp
       Link:
         C:\Program Files (x86)\Microsoft Visual Studio 12.0\VC\bin\link.exe /ERRORREPORT:PROMPT /OUT:".\Debug/PT Project.exe" /INCREMENTAL /NOLOGO odbc32.lib odbccp32.lib winmm.lib kernel32.lib user32.lib gdi32.lib winspool.lib comdlg32.lib advapi32.lib shell32.lib ole32.lib oleaut32.lib uuid.lib odbc32.lib odbccp32.lib /MANIFEST /MANIFESTUAC:"level='asInvoker' uiAccess='false'" /manifest:embed /DEBUG /PDB:".\Debug/PT Project.pdb" /SUBSYSTEM:CONSOLE /TLBID:1 /DYNAMICBASE /NXCOMPAT /IMPLIB:".\Debug\PT Project.lib" /MACHINE:X86 /SAFESEH .\Debug/CardEight.obj
         .\Debug/CardEleven.obj
         .\Debug/CardFive.obj
         .\Debug/CardFour.obj
         .\Debug/CardFourteen.obj
         .\Debug/CardNine.obj
         .\Debug/CardSeven.obj
         .\Debug/CardSix.obj
         .\Debug/CardTen.obj
         .\Debug/CardThirteen.obj
         .\Debug/CardThree.obj
         .\Debug/Action.obj
         .\Debug/AddCardAction.obj
         .\Debug/AddLadderAction.obj
         .\Debug/AddSnakeAction.obj
         .\Debug/ApplicationManager.obj
         .\Debug/Card.obj
         .\Debug/CardOne.obj
         .\Debug/CardTwelve.obj
         .\Debug/CardTwo.obj
         .\Debug/Cell.obj
         .\Debug/CellPosition.obj
         .\Debug/auxil.obj
         .\Debug/CMUgraphics.obj
         .\Debug/colors.obj
         .\Debug/image.obj
         .\Debug/jpegload.obj
         .\Debug/keyqueue.obj
         .\Debug/mousequeue.obj
         .\Debug/windowinput.obj
         .\Debug/jcomapi.obj
         .\Debug/jcparam.obj
         .\Debug/jdapimin.obj
         .\Debug/jdapistd.obj
         .\Debug/jdatasrc.obj
         .\Debug/jdcoefct.obj
         .\Debug/jdcolor.obj
         .\Debug/jddctmgr.obj
         .\Debug/jdhuff.obj
         .\Debug/jdinput.obj
         .\Debug/jdmainct.obj
         .\Debug/jdmarker.obj
         .\Debug/jdmaster.obj
         .\Debug/jdmerge.obj
         .\Debug/jdphuff.obj
         .\Debug/jdpostct.obj
         .\Debug/jdsample.obj
         .\Debug/jdtrans.obj
         .\Debug/jerror.obj
         .\Debug/jidctflt.obj
         .\Debug/jidctfst.obj
         .\Debug/jidctint.obj
         .\Debug/jidctred.obj
         .\Debug/jmemmgr.obj
         .\Debug/jmemnobs.obj
         .\Debug/jquant1.obj
         .\Debug/jquant2.obj
         .\Debug/jutils.obj
         .\Debug/CopyCardAction.obj
         .\Debug/CutCardAction.obj
         .\Debug/DeleteGameObjectAction.obj
         .\Debug/EditCardAction.obj
         .\Debug/GameObject.obj
         .\Debug/Grid.obj
         .\Debug/Input.obj
         .\Debug/InputDiceAction.obj
         .\Debug/Ladder.obj
         .\Debug/LoadGridAction.obj
         .\Debug/NewGameAction.obj
         .\Debug/Output.obj
         .\Debug/PasteCardAction.obj
         .\Debug/Player.obj
         .\Debug/Main.obj
         .\Debug/PlayerPower.obj
         .\Debug/RollDIceAction.obj
         .\Debug/SaveGridAction.obj
         .\Debug/Snake.obj
         .\Debug/ToDesignModeAction.obj
         .\Debug/ToPlayModeAction.obj
         PT-Project.vcxproj -> G:\first year\first semester\programming techniqes\Team 14\Phase_2_Final_Version\.\Debug\PT Project.exe
       BscMake:
         C:\Program Files (x86)\Microsoft Visual Studio 12.0\VC\bin\bscmake.exe /nologo /o".\Debug/PT Project.bsc" .\Debug\CardEight.sbr .\Debug\CardEleven.sbr .\Debug\CardFive.sbr .\Debug\CardFour.sbr .\Debug\CardFourteen.sbr .\Debug\CardNine.sbr .\Debug\CardSeven.sbr .\Debug\CardSix.sbr .\Debug\CardTen.sbr .\Debug\CardThirteen.sbr .\Debug\CardThree.sbr .\Debug\Action.sbr .\Debug\AddCardAction.sbr .\Debug\AddLadderAction.sbr .\Debug\AddSnakeAction.sbr .\Debug\ApplicationManager.sbr .\Debug\Card.sbr .\Debug\CardOne.sbr .\Debug\CardTwelve.sbr .\Debug\CardTwo.sbr .\Debug\Cell.sbr .\Debug\CellPosition.sbr .\Debug\auxil.sbr .\Debug\CMUgraphics.sbr .\Debug\colors.sbr .\Debug\image.sbr .\Debug\jpegload.sbr .\Debug\keyqueue.sbr .\Debug\mousequeue.sbr .\Debug\windowinput.sbr .\Debug\jcomapi.sbr .\Debug\jcparam.sbr .\Debug\jdapimin.sbr .\Debug\jdapistd.sbr .\Debug\jdatasrc.sbr .\Debug\jdcoefct.sbr .\Debug\jdcolor.sbr .\Debug\jddctmgr.sbr .\Debug\jdhuff.sbr .\Debug\jdinput.sbr .\Debug\jdmainct.sbr .\Debug\jdmarker.sbr .\Debug\jdmaster.sbr .\Debug\jdmerge.sbr .\Debug\jdphuff.sbr .\Debug\jdpostct.sbr .\Debug\jdsample.sbr .\Debug\jdtrans.sbr .\Debug\jerror.sbr .\Debug\jidctflt.sbr .\Debug\jidctfst.sbr .\Debug\jidctint.sbr .\Debug\jidctred.sbr .\Debug\jmemmgr.sbr .\Debug\jmemnobs.sbr .\Debug\jquant1.sbr .\Debug\jquant2.sbr .\Debug\jutils.sbr .\Debug\CopyCardAction.sbr .\Debug\CutCardAction.sbr .\Debug\DeleteGameObjectAction.sbr .\Debug\EditCardAction.sbr .\Debug\GameObject.sbr .\Debug\Grid.sbr .\Debug\Input.sbr .\Debug\InputDiceAction.sbr .\Debug\Ladder.sbr .\Debug\LoadGridAction.sbr .\Debug\NewGameAction.sbr .\Debug\Output.sbr .\Debug\PasteCardAction.sbr .\Debug\Player.sbr .\Debug\Main.sbr .\Debug\PlayerPower.sbr .\Debug\RollDIceAction.sbr .\Debug\SaveGridAction.sbr .\Debug\Snake.sbr .\Debug\ToDesignModeAction.sbr .\Debug\ToPlayModeAction.sbr
     1>Done Building Project "G:\first year\first semester\programming techniqes\Team 14\Phase_2_Final_Version\PT-Project.vcxproj" (Build target(s)).

Build succeeded.

Time Elapsed 00:00:10.17
